#
# There is insufficient memory for the Java Runtime Environment to continue.
# Native memory allocation (malloc) failed to allocate 32744 bytes for ChunkPool::allocate
# Possible reasons:
#   The system is out of physical RAM or swap space
#   In 32 bit mode, the process size limit was hit
# Possible solutions:
#   Reduce memory load on the system
#   Increase physical memory or swap space
#   Check if swap backing store is full
#   Use 64 bit Java on a 64 bit OS
#   Decrease Java heap size (-Xmx/-Xms)
#   Decrease number of Java threads
#   Decrease Java thread stack sizes (-Xss)
#   Set larger code cache with -XX:ReservedCodeCacheSize=
# This output file may be truncated or incomplete.
#
#  Out of Memory Error (allocation.cpp:273), pid=79168, tid=81500
#
# JRE version: Java(TM) SE Runtime Environment (8.0_60-b27) (build 1.8.0_60-b27)
# Java VM: Java HotSpot(TM) 64-Bit Server VM (25.60-b23 mixed mode windows-amd64 compressed oops)
# Failed to write core dump. Minidumps are not enabled by default on client versions of Windows
#

---------------  T H R E A D  ---------------

Current thread (0x000000001734b000):  JavaThread "C2 CompilerThread0" daemon [_thread_in_native, id=81500, stack(0x0000000018850000,0x0000000018950000)]

Stack: [0x0000000018850000,0x0000000018950000]
[error occurred during error reporting (printing stack bounds), id 0xc0000005]

Native frames: (J=compiled Java code, j=interpreted, Vv=VM code, C=native code)


Current CompileTask:
C2:  11866 1425   !   4       java.net.URLClassLoader$1::run (63 bytes)


---------------  P R O C E S S  ---------------

Java Threads: ( => current thread )
  0x000000001c539000 JavaThread "File lock request listener" [_thread_in_native, id=75808, stack(0x000000001e040000,0x000000001e140000)]
  0x0000000019e96800 JavaThread "Stdin handler" [_thread_blocked, id=81468, stack(0x000000001b0f0000,0x000000001b1f0000)]
  0x0000000019e41000 JavaThread "Daemon worker" [_thread_in_Java, id=81396, stack(0x000000001aff0000,0x000000001b0f0000)]
  0x0000000019e40000 JavaThread "Cancel handler" [_thread_blocked, id=80664, stack(0x000000001aef0000,0x000000001aff0000)]
  0x0000000019f7b800 JavaThread "Handler for socket connection from /127.0.0.1:58356 to /127.0.0.1:58357" [_thread_in_native, id=81352, stack(0x000000001adf0000,0x000000001aef0000)]
  0x0000000019f76000 JavaThread "Daemon" [_thread_blocked, id=80296, stack(0x000000001acf0000,0x000000001adf0000)]
  0x000000001898a800 JavaThread "Incoming local TCP Connector on port 58356" [_thread_in_native, id=80476, stack(0x0000000019970000,0x0000000019a70000)]
  0x00000000189e5000 JavaThread "Service Thread" daemon [_thread_blocked, id=81176, stack(0x0000000018f50000,0x0000000019050000)]
  0x0000000018952800 JavaThread "C1 CompilerThread2" daemon [_thread_blocked, id=81740, stack(0x0000000018e50000,0x0000000018f50000)]
  0x000000001734d800 JavaThread "C2 CompilerThread1" daemon [_thread_in_native, id=80192, stack(0x0000000018d50000,0x0000000018e50000)]
=>0x000000001734b000 JavaThread "C2 CompilerThread0" daemon [_thread_in_native, id=81500, stack(0x0000000018850000,0x0000000018950000)]
  0x00000000172ff000 JavaThread "Attach Listener" daemon [_thread_blocked, id=80224, stack(0x0000000018750000,0x0000000018850000)]
  0x00000000172fd800 JavaThread "Signal Dispatcher" daemon [_thread_blocked, id=79164, stack(0x0000000018650000,0x0000000018750000)]
  0x00000000026c8000 JavaThread "Finalizer" daemon [_thread_blocked, id=81388, stack(0x0000000018550000,0x0000000018650000)]
  0x00000000026bf000 JavaThread "Reference Handler" daemon [_thread_blocked, id=79432, stack(0x0000000018450000,0x0000000018550000)]
  0x00000000005ae000 JavaThread "main" [_thread_blocked, id=81792, stack(0x00000000024d0000,0x00000000025d0000)]

Other Threads:
  0x00000000172b7800 VMThread [stack: 0x0000000018350000,0x0000000018450000] [id=76744]
  0x0000000018a20000 WatcherThread [stack: 0x0000000019050000,0x0000000019150000] [id=81472]

VM state:not at safepoint (normal execution)

VM Mutex/Monitor currently owned by a thread: None

Heap:
 PSYoungGen      total 18944K, used 5844K [0x00000000d5580000, 0x00000000d7280000, 0x0000000100000000)
  eden space 16384K, 20% used [0x00000000d5580000,0x00000000d58b7380,0x00000000d6580000)
  from space 2560K, 99% used [0x00000000d6580000,0x00000000d67fe030,0x00000000d6800000)
  to   space 6656K, 0% used [0x00000000d6c00000,0x00000000d6c00000,0x00000000d7280000)
 ParOldGen       total 44032K, used 8731K [0x0000000080000000, 0x0000000082b00000, 0x00000000d5580000)
  object space 44032K, 19% used [0x0000000080000000,0x0000000080886fb8,0x0000000082b00000)
 Metaspace       used 17344K, capacity 17752K, committed 17920K, reserved 1064960K
  class space    used 2361K, capacity 2486K, committed 2560K, reserved 1048576K

Card table byte_map: [0x0000000011a90000,0x0000000011ea0000] byte_map_base: 0x0000000011690000

Marking Bits: (ParMarkBitMap*) 0x000000007388a5b0
 Begin Bits: [0x0000000012550000, 0x0000000014550000)
 End Bits:   [0x0000000014550000, 0x0000000016550000)

Polling page: 0x0000000000550000

CodeCache: size=245760Kb used=4518Kb max_used=4573Kb free=241241Kb
 bounds [0x00000000026d0000, 0x0000000002b50000, 0x00000000116d0000]
 total_blobs=1730 nmethods=1351 adapters=291
 compilation: enabled

Compilation events (10 events):
Event: 11.528 Thread 0x0000000018952800 1444   !   3       sun.reflect.GeneratedMethodAccessor2::invoke (68 bytes)
Event: 11.529 Thread 0x0000000018952800 nmethod 1444 0x0000000002b3c650 code [0x0000000002b3c840, 0x0000000002b3d038]
Event: 11.612 Thread 0x0000000018952800 1446       3       java.security.MessageDigest$Delegate::engineUpdate (11 bytes)
Event: 11.613 Thread 0x0000000018952800 nmethod 1446 0x0000000002945f10 code [0x0000000002946080, 0x00000000029462a8]
Event: 11.633 Thread 0x0000000018952800 1449       3       java.io.FileInputStream::read (9 bytes)
Event: 11.634 Thread 0x0000000018952800 nmethod 1449 0x0000000002945b50 code [0x0000000002945cc0, 0x0000000002945e48]
Event: 11.634 Thread 0x0000000018952800 1450       3       java.security.MessageDigest::update (45 bytes)
Event: 11.634 Thread 0x0000000018952800 nmethod 1450 0x0000000002945410 code [0x00000000029455a0, 0x00000000029459a8]
Event: 11.720 Thread 0x0000000018952800 1451       3       java.net.URI::decode (370 bytes)
Event: 11.726 Thread 0x0000000018952800 nmethod 1451 0x0000000002986e50 code [0x0000000002987320, 0x000000000298acc8]

GC Heap History (10 events):
Event: 4.408 GC heap before
{Heap before GC invocations=1 (full 0):
 PSYoungGen      total 18944K, used 16384K [0x00000000d5580000, 0x00000000d6a80000, 0x0000000100000000)
  eden space 16384K, 100% used [0x00000000d5580000,0x00000000d6580000,0x00000000d6580000)
  from space 2560K, 0% used [0x00000000d6800000,0x00000000d6800000,0x00000000d6a80000)
  to   space 2560K, 0% used [0x00000000d6580000,0x00000000d6580000,0x00000000d6800000)
 ParOldGen       total 44032K, used 0K [0x0000000080000000, 0x0000000082b00000, 0x00000000d5580000)
  object space 44032K, 0% used [0x0000000080000000,0x0000000080000000,0x0000000082b00000)
 Metaspace       used 5806K, capacity 6082K, committed 6272K, reserved 1056768K
  class space    used 737K, capacity 794K, committed 896K, reserved 1048576K
Event: 4.414 GC heap after
Heap after GC invocations=1 (full 0):
 PSYoungGen      total 18944K, used 2552K [0x00000000d5580000, 0x00000000d6a80000, 0x0000000100000000)
  eden space 16384K, 0% used [0x00000000d5580000,0x00000000d5580000,0x00000000d6580000)
  from space 2560K, 99% used [0x00000000d6580000,0x00000000d67fe258,0x00000000d6800000)
  to   space 2560K, 0% used [0x00000000d6800000,0x00000000d6800000,0x00000000d6a80000)
 ParOldGen       total 44032K, used 637K [0x0000000080000000, 0x0000000082b00000, 0x00000000d5580000)
  object space 44032K, 1% used [0x0000000080000000,0x000000008009f428,0x0000000082b00000)
 Metaspace       used 5806K, capacity 6082K, committed 6272K, reserved 1056768K
  class space    used 737K, capacity 794K, committed 896K, reserved 1048576K
}
Event: 6.684 GC heap before
{Heap before GC invocations=2 (full 0):
 PSYoungGen      total 18944K, used 18936K [0x00000000d5580000, 0x00000000d6a80000, 0x0000000100000000)
  eden space 16384K, 100% used [0x00000000d5580000,0x00000000d6580000,0x00000000d6580000)
  from space 2560K, 99% used [0x00000000d6580000,0x00000000d67fe258,0x00000000d6800000)
  to   space 2560K, 0% used [0x00000000d6800000,0x00000000d6800000,0x00000000d6a80000)
 ParOldGen       total 44032K, used 637K [0x0000000080000000, 0x0000000082b00000, 0x00000000d5580000)
  object space 44032K, 1% used [0x0000000080000000,0x000000008009f428,0x0000000082b00000)
 Metaspace       used 6821K, capacity 7020K, committed 7168K, reserved 1056768K
  class space    used 866K, capacity 932K, committed 1024K, reserved 1048576K
Event: 6.688 GC heap after
Heap after GC invocations=2 (full 0):
 PSYoungGen      total 18944K, used 2557K [0x00000000d5580000, 0x00000000d6a80000, 0x0000000100000000)
  eden space 16384K, 0% used [0x00000000d5580000,0x00000000d5580000,0x00000000d6580000)
  from space 2560K, 99% used [0x00000000d6800000,0x00000000d6a7f5b8,0x00000000d6a80000)
  to   space 2560K, 0% used [0x00000000d6580000,0x00000000d6580000,0x00000000d6800000)
 ParOldGen       total 44032K, used 1035K [0x0000000080000000, 0x0000000082b00000, 0x00000000d5580000)
  object space 44032K, 2% used [0x0000000080000000,0x0000000080102de0,0x0000000082b00000)
 Metaspace       used 6821K, capacity 7020K, committed 7168K, reserved 1056768K
  class space    used 866K, capacity 932K, committed 1024K, reserved 1048576K
}
Event: 9.164 GC heap before
{Heap before GC invocations=3 (full 0):
 PSYoungGen      total 18944K, used 18941K [0x00000000d5580000, 0x00000000d6a80000, 0x0000000100000000)
  eden space 16384K, 100% used [0x00000000d5580000,0x00000000d6580000,0x00000000d6580000)
  from space 2560K, 99% used [0x00000000d6800000,0x00000000d6a7f5b8,0x00000000d6a80000)
  to   space 2560K, 0% used [0x00000000d6580000,0x00000000d6580000,0x00000000d6800000)
 ParOldGen       total 44032K, used 1035K [0x0000000080000000, 0x0000000082b00000, 0x00000000d5580000)
  object space 44032K, 2% used [0x0000000080000000,0x0000000080102de0,0x0000000082b00000)
 Metaspace       used 11125K, capacity 11544K, committed 11648K, reserved 1058816K
  class space    used 1475K, capacity 1590K, committed 1664K, reserved 1048576K
Event: 9.172 GC heap after
Heap after GC invocations=3 (full 0):
 PSYoungGen      total 18944K, used 2536K [0x00000000d5580000, 0x00000000d6a80000, 0x0000000100000000)
  eden space 16384K, 0% used [0x00000000d5580000,0x00000000d5580000,0x00000000d6580000)
  from space 2560K, 99% used [0x00000000d6580000,0x00000000d67fa040,0x00000000d6800000)
  to   space 2560K, 0% used [0x00000000d6800000,0x00000000d6800000,0x00000000d6a80000)
 ParOldGen       total 44032K, used 3262K [0x0000000080000000, 0x0000000082b00000, 0x00000000d5580000)
  object space 44032K, 7% used [0x0000000080000000,0x000000008032f9d8,0x0000000082b00000)
 Metaspace       used 11125K, capacity 11544K, committed 11648K, reserved 1058816K
  class space    used 1475K, capacity 1590K, committed 1664K, reserved 1048576K
}
Event: 9.926 GC heap before
{Heap before GC invocations=4 (full 0):
 PSYoungGen      total 18944K, used 18920K [0x00000000d5580000, 0x00000000d6a80000, 0x0000000100000000)
  eden space 16384K, 100% used [0x00000000d5580000,0x00000000d6580000,0x00000000d6580000)
  from space 2560K, 99% used [0x00000000d6580000,0x00000000d67fa040,0x00000000d6800000)
  to   space 2560K, 0% used [0x00000000d6800000,0x00000000d6800000,0x00000000d6a80000)
 ParOldGen       total 44032K, used 3262K [0x0000000080000000, 0x0000000082b00000, 0x00000000d5580000)
  object space 44032K, 7% used [0x0000000080000000,0x000000008032f9d8,0x0000000082b00000)
 Metaspace       used 13626K, capacity 13912K, committed 13952K, reserved 1060864K
  class space    used 1802K, capacity 1910K, committed 1920K, reserved 1048576K
Event: 9.932 GC heap after
Heap after GC invocations=4 (full 0):
 PSYoungGen      total 18944K, used 2552K [0x00000000d5580000, 0x00000000d6a80000, 0x0000000100000000)
  eden space 16384K, 0% used [0x00000000d5580000,0x00000000d5580000,0x00000000d6580000)
  from space 2560K, 99% used [0x00000000d6800000,0x00000000d6a7e030,0x00000000d6a80000)
  to   space 2560K, 0% used [0x00000000d6580000,0x00000000d6580000,0x00000000d6800000)
 ParOldGen       total 44032K, used 6018K [0x0000000080000000, 0x0000000082b00000, 0x00000000d5580000)
  object space 44032K, 13% used [0x0000000080000000,0x00000000805e0a20,0x0000000082b00000)
 Metaspace       used 13626K, capacity 13912K, committed 13952K, reserved 1060864K
  class space    used 1802K, capacity 1910K, committed 1920K, reserved 1048576K
}
Event: 11.331 GC heap before
{Heap before GC invocations=5 (full 0):
 PSYoungGen      total 18944K, used 18936K [0x00000000d5580000, 0x00000000d6a80000, 0x0000000100000000)
  eden space 16384K, 100% used [0x00000000d5580000,0x00000000d6580000,0x00000000d6580000)
  from space 2560K, 99% used [0x00000000d6800000,0x00000000d6a7e030,0x00000000d6a80000)
  to   space 2560K, 0% used [0x00000000d6580000,0x00000000d6580000,0x00000000d6800000)
 ParOldGen       total 44032K, used 6018K [0x0000000080000000, 0x0000000082b00000, 0x00000000d5580000)
  object space 44032K, 13% used [0x0000000080000000,0x00000000805e0a20,0x0000000082b00000)
 Metaspace       used 16796K, capacity 17144K, committed 17280K, reserved 1064960K
  class space    used 2269K, capacity 2390K, committed 2432K, reserved 1048576K
Event: 11.343 GC heap after
Heap after GC invocations=5 (full 0):
 PSYoungGen      total 18944K, used 2552K [0x00000000d5580000, 0x00000000d7280000, 0x0000000100000000)
  eden space 16384K, 0% used [0x00000000d5580000,0x00000000d5580000,0x00000000d6580000)
  from space 2560K, 99% used [0x00000000d6580000,0x00000000d67fe030,0x00000000d6800000)
  to   space 6656K, 0% used [0x00000000d6c00000,0x00000000d6c00000,0x00000000d7280000)
 ParOldGen       total 44032K, used 8731K [0x0000000080000000, 0x0000000082b00000, 0x00000000d5580000)
  object space 44032K, 19% used [0x0000000080000000,0x0000000080886fb8,0x0000000082b00000)
 Metaspace       used 16796K, capacity 17144K, committed 17280K, reserved 1064960K
  class space    used 2269K, capacity 2390K, committed 2432K, reserved 1048576K
}

Deoptimization events (10 events):
Event: 8.791 Thread 0x0000000019e41000 Uncommon trap: reason=bimorphic action=maybe_recompile pc=0x0000000002931c34 method=java.util.HashMap.putVal(ILjava/lang/Object;Ljava/lang/Object;ZZ)Ljava/lang/Object; @ 91
Event: 9.439 Thread 0x0000000019e41000 Uncommon trap: reason=bimorphic action=maybe_recompile pc=0x0000000002ab1688 method=java.util.HashMap.putVal(ILjava/lang/Object;Ljava/lang/Object;ZZ)Ljava/lang/Object; @ 203
Event: 9.439 Thread 0x0000000019e41000 Uncommon trap: reason=bimorphic action=maybe_recompile pc=0x0000000002ab1688 method=java.util.HashMap.putVal(ILjava/lang/Object;Ljava/lang/Object;ZZ)Ljava/lang/Object; @ 203
Event: 9.440 Thread 0x0000000019e41000 Uncommon trap: reason=bimorphic action=maybe_recompile pc=0x0000000002ac4104 method=java.util.HashMap.putVal(ILjava/lang/Object;Ljava/lang/Object;ZZ)Ljava/lang/Object; @ 203
Event: 10.609 Thread 0x0000000019e41000 Uncommon trap: reason=unstable_if action=reinterpret pc=0x000000000298ebd0 method=java.util.HashMap.getNode(ILjava/lang/Object;)Ljava/util/HashMap$Node; @ 129
Event: 10.609 Thread 0x0000000019e41000 Uncommon trap: reason=unstable_if action=reinterpret pc=0x000000000296b338 method=java.util.HashMap.getNode(ILjava/lang/Object;)Ljava/util/HashMap$Node; @ 129
Event: 11.434 Thread 0x0000000019e41000 Uncommon trap: reason=class_check action=maybe_recompile pc=0x0000000002b22374 method=org.gradle.internal.service.DefaultServiceRegistry$SingletonService.getService(Lorg/gradle/internal/service/DefaultServiceRegistry$LookupContext;Lorg/gradle/internal/serv¿ﬁRCﬁ&@
Event: 11.434 Thread 0x0000000019e41000 Uncommon trap: reason=class_check action=maybe_recompile pc=0x0000000002b22374 method=org.gradle.internal.service.DefaultServiceRegistry$SingletonService.getService(Lorg/gradle/internal/service/DefaultServiceRegistry$LookupContext;Lorg/gradle/internal/serv
Event: 11.434 Thread 0x0000000019e41000 Uncommon trap: reason=class_check action=maybe_recompile pc=0x0000000002b22374 method=org.gradle.internal.service.DefaultServiceRegistry$SingletonService.getService(Lorg/gradle/internal/service/DefaultServiceRegistry$LookupContext;Lorg/gradle/internal/servU7'ÄMﬁ&@
Event: 11.434 Thread 0x0000000019e41000 Uncommon trap: reason=class_check action=maybe_recompile pc=0x0000000002b22374 method=org.gradle.internal.service.DefaultServiceRegistry$SingletonService.getService(Lorg/gradle/internal/service/DefaultServiceRegistry$LookupContext;Lorg/gradle/internal/servâíÍ;4ï!@

Internal exceptions (10 events):
Event: 10.530 Thread 0x0000000019e41000 Exception <a 'java/lang/ClassNotFoundException': groovy/lang/ExpandoMetaClassBeanInfo> (0x00000000d58c9210) thrown at [C:\re\workspace\8-2-build-windows-amd64-cygwin\jdk8u60\4407\hotspot\src\share\vm\classfile\systemDictionary.cpp, line 210]
Event: 10.531 Thread 0x0000000019e41000 Exception <a 'java/lang/ClassNotFoundException': groovy/lang/MetaClassImplBeanInfo> (0x00000000d58d3a68) thrown at [C:\re\workspace\8-2-build-windows-amd64-cygwin\jdk8u60\4407\hotspot\src\share\vm\classfile\systemDictionary.cpp, line 210]
Event: 10.531 Thread 0x0000000019e41000 Exception <a 'java/lang/ClassNotFoundException': java/lang/ObjectBeanInfo> (0x00000000d58d8840) thrown at [C:\re\workspace\8-2-build-windows-amd64-cygwin\jdk8u60\4407\hotspot\src\share\vm\classfile\systemDictionary.cpp, line 210]
Event: 10.531 Thread 0x0000000019e41000 Exception <a 'java/lang/ClassNotFoundException': java/lang/ObjectCustomizer> (0x00000000d58dd760) thrown at [C:\re\workspace\8-2-build-windows-amd64-cygwin\jdk8u60\4407\hotspot\src\share\vm\classfile\systemDictionary.cpp, line 210]
Event: 10.535 Thread 0x0000000019e41000 Exception <a 'java/lang/ClassNotFoundException': groovy/lang/MetaClassImplCustomizer> (0x00000000d58efd18) thrown at [C:\re\workspace\8-2-build-windows-amd64-cygwin\jdk8u60\4407\hotspot\src\share\vm\classfile\systemDictionary.cpp, line 210]
Event: 10.538 Thread 0x0000000019e41000 Exception <a 'java/lang/ClassNotFoundException': groovy/lang/ExpandoMetaClassCustomizer> (0x00000000d5922c60) thrown at [C:\re\workspace\8-2-build-windows-amd64-cygwin\jdk8u60\4407\hotspot\src\share\vm\classfile\systemDictionary.cpp, line 210]
Event: 10.596 Thread 0x0000000019e41000 Exception <a 'java/lang/ClassNotFoundException': org/gradle/api/internal/plugins/DefaultExtraPropertiesExtensionBeanInfo> (0x00000000d59a1058) thrown at [C:\re\workspace\8-2-build-windows-amd64-cygwin\jdk8u60\4407\hotspot\src\share\vm\classfile\systemDicti∏!Å˙%1%@
Event: 10.596 Thread 0x0000000019e41000 Exception <a 'java/lang/ClassNotFoundException': groovy/lang/GroovyObjectSupportBeanInfo> (0x00000000d59ac9b0) thrown at [C:\re\workspace\8-2-build-windows-amd64-cygwin\jdk8u60\4407\hotspot\src\share\vm\classfile\systemDictionary.cpp, line 210]
Event: 10.596 Thread 0x0000000019e41000 Exception <a 'java/lang/ClassNotFoundException': groovy/lang/GroovyObjectSupportCustomizer> (0x00000000d59b8690) thrown at [C:\re\workspace\8-2-build-windows-amd64-cygwin\jdk8u60\4407\hotspot\src\share\vm\classfile\systemDictionary.cpp, line 210]
Event: 10.597 Thread 0x0000000019e41000 Exception <a 'java/lang/ClassNotFoundException': org/gradle/api/internal/plugins/DefaultExtraPropertiesExtensionCustomizer> (0x00000000d59ce2d0) thrown at [C:\re\workspace\8-2-build-windows-amd64-cygwin\jdk8u60\4407\hotspot\src\share\vm\classfile\systemDic`Â@â%@

Events (10 events):
Event: 11.580 loading class java/math/MutableBigInteger
Event: 11.589 loading class java/math/MutableBigInteger done
Event: 11.590 loading class org/gradle/tooling/internal/provider/JarCache$FileInfo
Event: 11.590 loading class org/gradle/tooling/internal/provider/JarCache$FileInfo done
Event: 11.591 loading class com/google/common/cache/LocalCache$StrongAccessEntry
Event: 11.591 loading class com/google/common/cache/LocalCache$StrongAccessEntry done
Event: 11.592 loading class com/google/common/cache/LocalCache$StrongEntry
Event: 11.592 loading class com/google/common/cache/LocalCache$StrongEntry done
Event: 11.592 loading class com/google/common/cache/LocalCache$NullEntry
Event: 11.592 loading class com/google/common/cache/LocalCache$NullEntry done


Dynamic libraries:
0x00007ff6eccc0000 - 0x00007ff6eccf7000 	D:\Program Files\Java\jdk1.8.0_60\bin\java.exe
0x00007ff906520000 - 0x00007ff9066e1000 	C:\WINDOWS\SYSTEM32\ntdll.dll
0x00007ff906470000 - 0x00007ff90651d000 	C:\WINDOWS\system32\KERNEL32.DLL
0x00007ff902e70000 - 0x00007ff903056000 	C:\WINDOWS\system32\KERNELBASE.dll
0x00007ff905470000 - 0x00007ff905518000 	C:\WINDOWS\system32\ADVAPI32.dll
0x00007ff905d20000 - 0x00007ff905dbd000 	C:\WINDOWS\system32\msvcrt.dll
0x00007ff905410000 - 0x00007ff90546c000 	C:\WINDOWS\system32\sechost.dll
0x00007ff9051b0000 - 0x00007ff9052cb000 	C:\WINDOWS\system32\RPCRT4.dll
0x00007ff906240000 - 0x00007ff906397000 	C:\WINDOWS\system32\USER32.dll
0x00007ff9060b0000 - 0x00007ff906236000 	C:\WINDOWS\system32\GDI32.dll
0x00007ff8f3a80000 - 0x00007ff8f3cf4000 	C:\WINDOWS\WinSxS\amd64_microsoft.windows.common-controls_6595b64144ccf1df_6.0.10565.0_none_8c14ae10515f0229\COMCTL32.dll
0x00007ff905e30000 - 0x00007ff9060aa000 	C:\WINDOWS\system32\combase.dll
0x00007ff902be0000 - 0x00007ff902c4a000 	C:\WINDOWS\system32\bcryptPrimitives.dll
0x00007ff904ef0000 - 0x00007ff904f2b000 	C:\WINDOWS\system32\IMM32.DLL
0x0000000072fa0000 - 0x0000000073072000 	D:\Program Files\Java\jdk1.8.0_60\jre\bin\msvcr100.dll
0x0000000073080000 - 0x0000000073909000 	D:\Program Files\Java\jdk1.8.0_60\jre\bin\server\jvm.dll
0x00007ff906460000 - 0x00007ff906468000 	C:\WINDOWS\system32\PSAPI.DLL
0x00007ff900910000 - 0x00007ff900933000 	C:\WINDOWS\SYSTEM32\WINMM.dll
0x00007ff900100000 - 0x00007ff90010a000 	C:\WINDOWS\SYSTEM32\VERSION.dll
0x00007ff900150000 - 0x00007ff900159000 	C:\WINDOWS\SYSTEM32\WSOCK32.dll
0x00007ff905dc0000 - 0x00007ff905e2b000 	C:\WINDOWS\system32\WS2_32.dll
0x0000000000500000 - 0x000000000052c000 	C:\WINDOWS\SYSTEM32\WINMMBASE.dll
0x00007ff902e20000 - 0x00007ff902e64000 	C:\WINDOWS\system32\cfgmgr32.dll
0x0000000072f90000 - 0x0000000072f9f000 	D:\Program Files\Java\jdk1.8.0_60\jre\bin\verify.dll
0x0000000072f60000 - 0x0000000072f89000 	D:\Program Files\Java\jdk1.8.0_60\jre\bin\java.dll
0x0000000072f40000 - 0x0000000072f56000 	D:\Program Files\Java\jdk1.8.0_60\jre\bin\zip.dll
0x00007ff903930000 - 0x00007ff904e85000 	C:\WINDOWS\system32\SHELL32.dll
0x00007ff9032e0000 - 0x00007ff903922000 	C:\WINDOWS\system32\windows.storage.dll
0x00007ff9053b0000 - 0x00007ff905401000 	C:\WINDOWS\system32\shlwapi.dll
0x00007ff902bc0000 - 0x00007ff902bcf000 	C:\WINDOWS\system32\kernel.appcore.dll
0x00007ff9031c0000 - 0x00007ff903273000 	C:\WINDOWS\system32\shcore.dll
0x00007ff902b50000 - 0x00007ff902b9a000 	C:\WINDOWS\system32\powrprof.dll
0x00007ff902ba0000 - 0x00007ff902bb4000 	C:\WINDOWS\system32\profapi.dll
0x0000000072f20000 - 0x0000000072f3a000 	D:\Program Files\Java\jdk1.8.0_60\jre\bin\net.dll
0x00007ff902460000 - 0x00007ff9024bc000 	C:\WINDOWS\system32\mswsock.dll
0x0000000072f00000 - 0x0000000072f11000 	D:\Program Files\Java\jdk1.8.0_60\jre\bin\nio.dll
0x00007ff8fa530000 - 0x00007ff8fa542000 	C:\Users\JP\.gradle\native\19\windows-amd64\native-platform.dll
0x00007ff8fa280000 - 0x00007ff8fa2b7000 	C:\WINDOWS\SYSTEM32\IPHLPAPI.DLL
0x00007ff905340000 - 0x00007ff905348000 	C:\WINDOWS\system32\NSI.dll
0x00007ff8f9710000 - 0x00007ff8f9726000 	C:\WINDOWS\SYSTEM32\dhcpcsvc6.DLL
0x00007ff8f9630000 - 0x00007ff8f964a000 	C:\WINDOWS\SYSTEM32\dhcpcsvc.DLL
0x00007ff902510000 - 0x00007ff902527000 	C:\WINDOWS\SYSTEM32\CRYPTSP.dll
0x00007ff902200000 - 0x00007ff902233000 	C:\WINDOWS\system32\rsaenh.dll
0x00007ff902730000 - 0x00007ff902758000 	C:\WINDOWS\SYSTEM32\bcrypt.dll
0x00007ff9022f0000 - 0x00007ff90230f000 	C:\WINDOWS\SYSTEM32\USERENV.dll
0x00007ff902630000 - 0x00007ff90263b000 	C:\WINDOWS\SYSTEM32\CRYPTBASE.dll

VM Arguments:
jvm_args: -XX:MaxPermSize=512m -XX:+HeapDumpOnOutOfMemoryError -Xmx2048m -Dfile.encoding=UTF-8 -Duser.country=CN -Duser.language=zh -Duser.variant 
java_command: org.gradle.launcher.daemon.bootstrap.GradleDaemon 2.7
java_class_path (initial): D:\Program Files\Android\Android Studio\gradle\gradle-2.7\lib\gradle-launcher-2.7.jar
Launcher Type: SUN_STANDARD

Environment Variables:
JAVA_HOME=D:\Program Files\Java\jdk1.8.0_60
PATH=D:\Program Files\Java\jdk1.8.0_60\bin;C:\ProgramData\Oracle\Java\javapath;D:\Program Files\Java\jdk1.8.0_60\bin;C:\WINDOWS\system32;C:\WINDOWS;C:\WINDOWS\System32\Wbem;C:\WINDOWS\System32\WindowsPowerShell\v1.0\;C:\Program Files (x86)\ATI Technologies\ATI.ACE\Core-Static;C:\Program Files (x86)\Intel\Services\IPT\;D:\Program Files\nodejs\;D:\Program Files\Git\bin;C:\WINDOWS\system32;C:\WINDOWS;C:\WINDOWS\System32\Wbem;C:\WINDOWS\System32\WindowsPowerShell\v1.0\;C:\Users\JP\AppData\Roaming\npm
USERNAME=JP
OS=Windows_NT
PROCESSOR_IDENTIFIER=Intel64 Family 6 Model 42 Stepping 7, GenuineIntel



---------------  S Y S T E M  ---------------

OS: Windows 10.0 , 64 bit Build 10565 (10.0.10565.0)

CPU:total 4 (2 cores per cpu, 2 threads per core) family 6 model 42 stepping 7, cmov, cx8, fxsr, mmx, sse, sse2, sse3, ssse3, sse4.1, sse4.2, popcnt, avx, clmul, ht, tsc, tscinvbit

Memory: 4k page, physical 4103404k(225700k free), swap 8297708k(5260k free)

vm_info: Java HotSpot(TM) 64-Bit Server VM (25.60-b23) for windows-amd64 JRE (1.8.0_60-b27), built on Aug  4 2015 11:06:27 by "java_re" with MS VC++ 10.0 (VS2010)

time: Tue Oct 20 19:02:31 2015
elapsed time: 11 seconds (0d 0h 0m 11s)

